<?xml version="1.0" encoding="UTF-8"?>
<testng-results skipped="0" failed="0" total="10" passed="10">
  <reporter-output>
  </reporter-output>
  <suite name="Default suite" duration-ms="372" started-at="2018-07-23T11:44:18Z" finished-at="2018-07-23T11:44:18Z">
    <groups>
    </groups>
    <test name="Default test" duration-ms="372" started-at="2018-07-23T11:44:18Z" finished-at="2018-07-23T11:44:18Z">
      <class name="com.qait.automation.DataProviderTesting.DataProviderWithExcel_001">
        <test-method status="PASS" signature="Registration_data(java.lang.String, java.lang.String)[pri:0, instance:com.qait.automation.DataProviderTesting.DataProviderWithExcel_001@4c70fda8]" name="Registration_data" duration-ms="6" started-at="2018-07-23T17:14:18Z" data-provider="Authentication" finished-at="2018-07-23T17:14:18Z">
          <params>
            <param index="0">
              <value>
                <![CDATA[key]]>
              </value>
            </param>
            <param index="1">
              <value>
                <![CDATA[value]]>
              </value>
            </param>
          </params>
          <reporter-output>
          </reporter-output>
        </test-method> <!-- Registration_data -->
        <test-method status="PASS" signature="Registration_data(java.lang.String, java.lang.String)[pri:0, instance:com.qait.automation.DataProviderTesting.DataProviderWithExcel_001@4c70fda8]" name="Registration_data" duration-ms="1" started-at="2018-07-23T17:14:18Z" data-provider="Authentication" finished-at="2018-07-23T17:14:18Z">
          <params>
            <param index="0">
              <value>
                <![CDATA[krishna]]>
              </value>
            </param>
            <param index="1">
              <value>
                <![CDATA[one]]>
              </value>
            </param>
          </params>
          <reporter-output>
          </reporter-output>
        </test-method> <!-- Registration_data -->
        <test-method status="PASS" signature="Registration_data(java.lang.String, java.lang.String)[pri:0, instance:com.qait.automation.DataProviderTesting.DataProviderWithExcel_001@4c70fda8]" name="Registration_data" duration-ms="1" started-at="2018-07-23T17:14:18Z" data-provider="Authentication" finished-at="2018-07-23T17:14:18Z">
          <params>
            <param index="0">
              <value>
                <![CDATA[uday ]]>
              </value>
            </param>
            <param index="1">
              <value>
                <![CDATA[two]]>
              </value>
            </param>
          </params>
          <reporter-output>
          </reporter-output>
        </test-method> <!-- Registration_data -->
        <test-method status="PASS" signature="Registration_data(java.lang.String, java.lang.String)[pri:0, instance:com.qait.automation.DataProviderTesting.DataProviderWithExcel_001@4c70fda8]" name="Registration_data" duration-ms="1" started-at="2018-07-23T17:14:18Z" data-provider="Authentication" finished-at="2018-07-23T17:14:18Z">
          <params>
            <param index="0">
              <value>
                <![CDATA[rahul]]>
              </value>
            </param>
            <param index="1">
              <value>
                <![CDATA[three]]>
              </value>
            </param>
          </params>
          <reporter-output>
          </reporter-output>
        </test-method> <!-- Registration_data -->
        <test-method status="PASS" signature="Registration_data(java.lang.String, java.lang.String)[pri:0, instance:com.qait.automation.DataProviderTesting.DataProviderWithExcel_001@4c70fda8]" name="Registration_data" duration-ms="0" started-at="2018-07-23T17:14:18Z" data-provider="Authentication" finished-at="2018-07-23T17:14:18Z">
          <params>
            <param index="0">
              <value>
                <![CDATA[parul]]>
              </value>
            </param>
            <param index="1">
              <value>
                <![CDATA[four]]>
              </value>
            </param>
          </params>
          <reporter-output>
          </reporter-output>
        </test-method> <!-- Registration_data -->
        <test-method status="PASS" signature="Registration_data(java.lang.String, java.lang.String)[pri:0, instance:com.qait.automation.DataProviderTesting.DataProviderWithExcel_001@4c70fda8]" name="Registration_data" duration-ms="1" started-at="2018-07-23T17:14:18Z" data-provider="Authentication" finished-at="2018-07-23T17:14:18Z">
          <params>
            <param index="0">
              <value>
                <![CDATA[kunal]]>
              </value>
            </param>
            <param index="1">
              <value>
                <![CDATA[five]]>
              </value>
            </param>
          </params>
          <reporter-output>
          </reporter-output>
        </test-method> <!-- Registration_data -->
        <test-method status="PASS" signature="Registration_data(java.lang.String, java.lang.String)[pri:0, instance:com.qait.automation.DataProviderTesting.DataProviderWithExcel_001@4c70fda8]" name="Registration_data" duration-ms="1" started-at="2018-07-23T17:14:18Z" data-provider="Authentication" finished-at="2018-07-23T17:14:18Z">
          <params>
            <param index="0">
              <value>
                <![CDATA[ravi]]>
              </value>
            </param>
            <param index="1">
              <value>
                <![CDATA[six]]>
              </value>
            </param>
          </params>
          <reporter-output>
          </reporter-output>
        </test-method> <!-- Registration_data -->
        <test-method status="PASS" signature="Registration_data(java.lang.String, java.lang.String)[pri:0, instance:com.qait.automation.DataProviderTesting.DataProviderWithExcel_001@4c70fda8]" name="Registration_data" duration-ms="0" started-at="2018-07-23T17:14:18Z" data-provider="Authentication" finished-at="2018-07-23T17:14:18Z">
          <params>
            <param index="0">
              <value>
                <![CDATA[ravish]]>
              </value>
            </param>
            <param index="1">
              <value>
                <![CDATA[seven ]]>
              </value>
            </param>
          </params>
          <reporter-output>
          </reporter-output>
        </test-method> <!-- Registration_data -->
        <test-method status="PASS" signature="Registration_data(java.lang.String, java.lang.String)[pri:0, instance:com.qait.automation.DataProviderTesting.DataProviderWithExcel_001@4c70fda8]" name="Registration_data" duration-ms="1" started-at="2018-07-23T17:14:18Z" data-provider="Authentication" finished-at="2018-07-23T17:14:18Z">
          <params>
            <param index="0">
              <value>
                <![CDATA[rohit]]>
              </value>
            </param>
            <param index="1">
              <value>
                <![CDATA[eight]]>
              </value>
            </param>
          </params>
          <reporter-output>
          </reporter-output>
        </test-method> <!-- Registration_data -->
        <test-method status="PASS" signature="Registration_data(java.lang.String, java.lang.String)[pri:0, instance:com.qait.automation.DataProviderTesting.DataProviderWithExcel_001@4c70fda8]" name="Registration_data" duration-ms="1" started-at="2018-07-23T17:14:18Z" data-provider="Authentication" finished-at="2018-07-23T17:14:18Z">
          <params>
            <param index="0">
              <value>
                <![CDATA[sorabh]]>
              </value>
            </param>
            <param index="1">
              <value>
                <![CDATA[nine]]>
              </value>
            </param>
          </params>
          <reporter-output>
          </reporter-output>
        </test-method> <!-- Registration_data -->
      </class> <!-- com.qait.automation.DataProviderTesting.DataProviderWithExcel_001 -->
    </test> <!-- Default test -->
  </suite> <!-- Default suite -->
</testng-results>
